Build started 2/21/2017 5:07:06 PM.
     1>Project "C:\Users\PCBLAB_01\Desktop\tracking\vic car detection\OpenCVProject\OpenCVProject.vcxproj" on node 2 (build target(s)).
     1>InitializeBuildStatus:
         Creating "Debug\OpenCVProject 3.unsuccessfulbuild" because "AlwaysCreate" was specified.
       ClCompile:
         All outputs are up-to-date.
         c:\Program Files (x86)\Microsoft Visual Studio 10.0\VC\bin\CL.exe /c /IC:\opencv\build\include\opencv2 /IC:\opencv\build\include /IC:\opencv\build\include\opencv /ZI /nologo /W3 /WX- /Od /Oy- /D WIN32 /D _DEBUG /D _CONSOLE /D _UNICODE /D UNICODE /Gm /EHsc /RTC1 /MDd /GS /fp:precise /Zc:wchar_t /Zc:forScope /Yu"StdAfx.h" /Fp"Debug\OpenCVProject 3.pch" /Fo"Debug\\" /Fd"Debug\vc100.pdb" /Gd /TP /analyze- /errorReport:prompt OpenCVProject.cpp
         OpenCVProject.cpp
     1>c:\opencv\build\include\opencv2\flann\logger.h(66): warning C4996: 'fopen': This function or variable may be unsafe. Consider using fopen_s instead. To disable deprecation, use _CRT_SECURE_NO_WARNINGS. See online help for details.
                 c:\program files (x86)\microsoft visual studio 10.0\vc\include\stdio.h(234) : see declaration of 'fopen'
     1>c:\users\pcblab_01\desktop\tracking\vic car detection\opencvproject\opencvproject.cpp(59): warning C4018: '<' : signed/unsigned mismatch
     1>c:\users\pcblab_01\desktop\tracking\vic car detection\opencvproject\opencvproject.cpp(73): error C3861: 'fgimg': identifier not found
     1>c:\users\pcblab_01\desktop\tracking\vic car detection\opencvproject\opencvproject.cpp(78): error C2065: 'fgimg' : undeclared identifier
     1>c:\users\pcblab_01\desktop\tracking\vic car detection\opencvproject\opencvproject.cpp(83): warning C4018: '<' : signed/unsigned mismatch
     1>c:\users\pcblab_01\desktop\tracking\vic car detection\opencvproject\opencvproject.cpp(85): error C2065: 'fgimg' : undeclared identifier
     1>c:\users\pcblab_01\desktop\tracking\vic car detection\opencvproject\opencvproject.cpp(87): error C2065: 'fgimg' : undeclared identifier
     1>c:\users\pcblab_01\desktop\tracking\vic car detection\opencvproject\opencvproject.cpp(130): warning C4244: 'argument' : conversion from 'double' to 'int', possible loss of data
     1>Done Building Project "C:\Users\PCBLAB_01\Desktop\tracking\vic car detection\OpenCVProject\OpenCVProject.vcxproj" (build target(s)) -- FAILED.

Build FAILED.

Time Elapsed 00:00:02.23
